<?xml version="1.0" encoding="UTF-8"?>
<!-- Generated by org.testng.reporters.JUnitReportReporter -->
<testsuite hostname="DESKTOP-LO3T5QU" failures="0" tests="1" name="smoke.ValidateLogin" time="23.120" errors="0" timestamp="2023-08-29T13:03:44 IST" skipped="0">
  <testcase classname="smoke.ValidateLogin" name="validateLoginTest" time="23.120"/>
  <system-out/>
</testsuite> <!-- smoke.ValidateLogin -->
