<?xml version="1.0" encoding="UTF-8"?>
<!-- Generated by org.testng.reporters.JUnitReportReporter -->
<testsuite hostname="DESKTOP-LO3T5QU" failures="0" tests="1" name="regression.ValidateRegistration" time="33.619" errors="0" timestamp="2023-08-28T20:24:07 IST" skipped="0">
  <testcase classname="regression.ValidateRegistration" name="ValidateRegistrationTest" time="33.619"/>
  <system-out/>
</testsuite> <!-- regression.ValidateRegistration -->
