<?xml version="1.0" encoding="UTF-8"?>
<!-- Generated by org.testng.reporters.JUnitReportReporter -->
<testsuite hostname="DESKTOP-LO3T5QU" failures="0" tests="4" name="regression.ValidateLoginExcel" time="45.155" errors="0" timestamp="2023-08-28T19:24:54 IST" skipped="0">
  <testcase classname="regression.ValidateLoginExcel" name="ValidateLoginTest1" time="9.521"/>
  <system-out/>
  <testcase classname="regression.ValidateLoginExcel" name="ValidateLoginTest1" time="9.538"/>
  <system-out/>
  <testcase classname="regression.ValidateLoginExcel" name="ValidateLoginTest1" time="11.777"/>
  <system-out/>
  <testcase classname="regression.ValidateLoginExcel" name="ValidateLoginTest1" time="14.319"/>
  <system-out/>
</testsuite> <!-- regression.ValidateLoginExcel -->
