<?xml version="1.0" encoding="UTF-8"?>
<!-- Generated by org.testng.reporters.JUnitReportReporter -->
<testsuite hostname="DESKTOP-LO3T5QU" failures="0" tests="1" name="regression.ValidateLogin" time="16.863" errors="0" timestamp="2023-08-28T15:05:19 IST" skipped="0">
  <testcase classname="regression.ValidateLogin" name="ValidateLoginTest" time="16.863"/>
  <system-out/>
</testsuite> <!-- regression.ValidateLogin -->
